Build started 5/10/2014 11:03:35 PM.
     1>Project "C:\Users\PiggyHasTheConch\AppData\Roaming\Sublime Text 3\Packages\ICS_Project_1\ICS51_TestApp_VS\ICS51_TestApp_VS\ICS51_TestApp_VS.vcxproj" on node 2 (Build target(s)).
     1>ClCompile:
         C:\Program Files (x86)\Microsoft Visual Studio 12.0\VC\bin\CL.exe /c /ZI /nologo /W3 /WX- /sdl /Od /Oy- /D _CRT_SECURE_NO_WARNINGS /D WIN32 /D _DEBUG /D _CONSOLE /D _LIB /D _UNICODE /D UNICODE /Gm /EHsc /RTC1 /MDd /GS /fp:precise /Zc:wchar_t /Zc:forScope /Yu"stdafx.h" /Fp"Debug\ICS51_TestApp_VS.pch" /Fo"Debug\\" /Fd"Debug\vc120.pdb" /Gd /TP /analyze- /errorReport:prompt FileSystem.cpp IOSystem.cpp main.cpp
         main.cpp
     1>c:\users\piggyhastheconch\appdata\roaming\sublime text 3\packages\ics_project_1\ics51_testapp_vs\ics51_testapp_vs\iosystem.hpp(32): error C2365: 'IOSystem::FileDescriptor::isFree' : redefinition; previous definition was 'data member'
                 c:\users\piggyhastheconch\appdata\roaming\sublime text 3\packages\ics_project_1\ics51_testapp_vs\ics51_testapp_vs\iosystem.hpp(16) : see declaration of 'IOSystem::FileDescriptor::isFree'
         IOSystem.cpp
     1>c:\users\piggyhastheconch\appdata\roaming\sublime text 3\packages\ics_project_1\ics51_testapp_vs\ics51_testapp_vs\iosystem.hpp(32): error C2365: 'IOSystem::FileDescriptor::isFree' : redefinition; previous definition was 'data member'
                 c:\users\piggyhastheconch\appdata\roaming\sublime text 3\packages\ics_project_1\ics51_testapp_vs\ics51_testapp_vs\iosystem.hpp(16) : see declaration of 'IOSystem::FileDescriptor::isFree'
     1>c:\users\piggyhastheconch\appdata\roaming\sublime text 3\packages\ics_project_1\ics51_testapp_vs\ics51_testapp_vs\iosystem.cpp(107): error C2064: term does not evaluate to a function taking 0 arguments
     1>c:\users\piggyhastheconch\appdata\roaming\sublime text 3\packages\ics_project_1\ics51_testapp_vs\ics51_testapp_vs\iosystem.cpp(140): error C2064: term does not evaluate to a function taking 0 arguments
         FileSystem.cpp
     1>c:\users\piggyhastheconch\appdata\roaming\sublime text 3\packages\ics_project_1\ics51_testapp_vs\ics51_testapp_vs\iosystem.hpp(32): error C2365: 'IOSystem::FileDescriptor::isFree' : redefinition; previous definition was 'data member'
                 c:\users\piggyhastheconch\appdata\roaming\sublime text 3\packages\ics_project_1\ics51_testapp_vs\ics51_testapp_vs\iosystem.hpp(16) : see declaration of 'IOSystem::FileDescriptor::isFree'
         Generating Code...
     1>Done Building Project "C:\Users\PiggyHasTheConch\AppData\Roaming\Sublime Text 3\Packages\ICS_Project_1\ICS51_TestApp_VS\ICS51_TestApp_VS\ICS51_TestApp_VS.vcxproj" (Build target(s)) -- FAILED.

Build FAILED.

Time Elapsed 00:00:00.90
